training on fold 0 
Epoch0,train total loss: 0.3319148570775224,  Spearman:0.32735846091582227
Epoch0,val total loss: 0.36692333221435547,  Spearman:[0.9999999999999999]
Epoch0,test total loss: 0.39213809087162926,  Spearman is [0.0122574116420077],
Epoch1,train total loss: 0.09431627385627728,  Spearman:0.6539275637019852
Epoch1,val total loss: 0.08330120146274567,  Spearman:[0.9999999999999999]
Epoch1,test total loss: 0.49072362837337313,  Spearman is [-0.02018735918321638],
Epoch2,train total loss: 0.02005573263921486,  Spearman:0.8684598632693763
Epoch2,val total loss: 0.007736928761005402,  Spearman:[0.9999999999999999]
Epoch2,test total loss: 1.5193592451867604,  Spearman is [-0.014643071977930919],
Epoch3,train total loss: 0.013160141553884497,  Spearman:0.8907455187406674
Epoch3,val total loss: 0.007104435004293919,  Spearman:[0.9999999999999999]
Epoch3,test total loss: 1.3960711728958857,  Spearman is [-0.016006743758300624],
Epoch4,train total loss: 0.010803961322996944,  Spearman:0.8998506567355862
Epoch4,val total loss: 0.0026003001257777214,  Spearman:[0.9999999999999999]
Epoch4,test total loss: 1.5219013861247472,  Spearman is [-0.014028745096859894],
Epoch5,train total loss: 0.009863410841304654,  Spearman:0.9040020652351413
Epoch5,val total loss: 0.0036746542900800705,  Spearman:[0.9999999999999999]
Epoch5,test total loss: 1.739289817355928,  Spearman is [-0.014072150629044341],
Epoch6,train total loss: 0.009132111992556067,  Spearman:0.9067284902690657
Epoch6,val total loss: 0.002985362196341157,  Spearman:[0.9999999999999999]
Epoch6,test total loss: 1.7209835989134652,  Spearman is [-0.018147163120818644],
Epoch7,train total loss: 0.008679712282719847,  Spearman:0.9096747581781507
Epoch7,val total loss: 0.005045892205089331,  Spearman:[0.9999999999999999]
Epoch7,test total loss: 1.765150867757343,  Spearman is [-0.009877011895593056],
Epoch8,train total loss: 0.008006419026896881,  Spearman:0.9131384739209815
Epoch8,val total loss: 0.003607336664572358,  Spearman:[0.9999999999999999]
Epoch8,test total loss: 1.778518835703532,  Spearman is [-0.012234305863088565],
Epoch9,train total loss: 0.007891834191323374,  Spearman:0.9132514597972591
Epoch9,val total loss: 0.005230678711086512,  Spearman:[0.9999999999999999]
Epoch9,test total loss: 1.8279087231272744,  Spearman is [-0.013249968106258917],
Epoch10,train total loss: 0.007950849168318005,  Spearman:0.9133133748984481
Epoch10,val total loss: 0.0016904206713661551,  Spearman:[0.9999999999999999]
Epoch10,test total loss: 1.7405746777852376,  Spearman is [-0.016236367356602235],
Epoch11,train total loss: 0.007375901992679737,  Spearman:0.9180296199281771
Epoch11,val total loss: 0.0026901564560830593,  Spearman:[0.9999999999999999]
Epoch11,test total loss: 1.633333526906513,  Spearman is [-0.015161166350922644],
Epoch12,train total loss: 0.007035996559590768,  Spearman:0.9197575533053898
Epoch12,val total loss: 0.0018230850109830499,  Spearman:[0.9999999999999999]
Epoch12,test total loss: 1.7778777536891757,  Spearman is [-0.014286757738543996],
Epoch13,train total loss: 0.006687201180170996,  Spearman:0.921718711380392
Epoch13,val total loss: 0.007165203336626291,  Spearman:[0.9999999999999999]
Epoch13,test total loss: 1.656081809884026,  Spearman is [-0.015767919797097702],
Epoch14,train total loss: 0.006440548007540143,  Spearman:0.9237163911608032
Epoch14,val total loss: 0.001395422499626875,  Spearman:[0.9999999999999999]
Epoch14,test total loss: 1.788339858963376,  Spearman is [-0.015299806693176142],
Epoch15,train total loss: 0.00636532446503425,  Spearman:0.9248157502235499
Epoch15,val total loss: 0.003862380748614669,  Spearman:[0.9999999999999999]
Epoch15,test total loss: 1.8514173882348197,  Spearman is [-0.010195226542213665],
Epoch16,train total loss: 0.006246398408382464,  Spearman:0.9251158797277177
Epoch16,val total loss: 0.0020207951311022043,  Spearman:[0.9999999999999999]
Epoch16,test total loss: 2.0350499777566817,  Spearman is [-0.015774784639656845],
Epoch17,train total loss: 0.006319291603278381,  Spearman:0.9241038485953988
Epoch17,val total loss: 0.002624344313517213,  Spearman:[0.9999999999999999]
Epoch17,test total loss: 1.8845078008515495,  Spearman is [-0.014958690342229408],
Epoch18,train total loss: 0.006120606771143624,  Spearman:0.9256416527327096
Epoch18,val total loss: 0.0013380246236920357,  Spearman:[0.9999999999999999]
Epoch18,test total loss: 2.064166330155872,  Spearman is [-0.017941059119360874],
Epoch19,train total loss: 0.0059348286796039856,  Spearman:0.9279711829740088
Epoch19,val total loss: 0.019220558926463127,  Spearman:[0.9999999999999999]
Epoch19,test total loss: 1.6609943111737568,  Spearman is [-0.015595975615013503],
Epoch20,train total loss: 0.005915929390022311,  Spearman:0.9274008697559287
Epoch20,val total loss: 0.0017843362875282764,  Spearman:[0.9999999999999999]
Epoch20,test total loss: 2.347560797418867,  Spearman is [-0.012412553682601139],
Epoch21,train total loss: 0.005907594406316741,  Spearman:0.9275261187947971
Epoch21,val total loss: 0.0029836066532880068,  Spearman:[0.9999999999999999]
Epoch21,test total loss: 2.1242038210233054,  Spearman is [-0.012803044747577725],
Epoch22,train total loss: 0.005813450077191567,  Spearman:0.9288986795868402
Epoch22,val total loss: 0.0042763943783938885,  Spearman:[0.9999999999999999]
Epoch22,test total loss: 1.9801631910460336,  Spearman is [-0.014099746049009588],
Epoch23,train total loss: 0.005943093077687267,  Spearman:0.9269828391743856
Epoch23,val total loss: 0.009416444227099419,  Spearman:[0.9999999999999999]
Epoch23,test total loss: 2.1107648582685563,  Spearman is [-0.01216938746755816],
Epoch24,train total loss: 0.005410755666109701,  Spearman:0.9313335777998374
Epoch24,val total loss: 0.0005917553789913654,  Spearman:[0.9999999999999999]
Epoch24,test total loss: 2.1925896406173706,  Spearman is [-0.01426695116554511],
Epoch25,train total loss: 0.005378108315419751,  Spearman:0.9327948745646644
Epoch25,val total loss: 0.0003868129861075431,  Spearman:[0.9999999999999999]
Epoch25,test total loss: 2.4443689471199397,  Spearman is [-0.013292869120699548],
Epoch26,train total loss: 0.005680074207871534,  Spearman:0.9297898207855784
Epoch26,val total loss: 0.0015146667137742043,  Spearman:[0.9999999999999999]
Epoch26,test total loss: 2.532579024632772,  Spearman is [-0.013769740425904241],
Epoch27,train total loss: 0.005660825879863514,  Spearman:0.9285206357493464
Epoch27,val total loss: 0.0012381293345242739,  Spearman:[0.9999999999999999]
Epoch27,test total loss: 2.1569607428142,  Spearman is [-0.012413386987189244],
Epoch28,train total loss: 0.005847798893228173,  Spearman:0.9288120826707668
Epoch28,val total loss: 0.01176750659942627,  Spearman:[0.9999999999999999]
Epoch28,test total loss: 2.0702891690390453,  Spearman is [-0.015840292584011484],
Epoch29,train total loss: 0.005346984670202905,  Spearman:0.9311792694767533
Epoch29,val total loss: 0.0007181656546890736,  Spearman:[0.9999999999999999]
Epoch29,test total loss: 2.3990689799899148,  Spearman is [-0.014770352167840466],
Epoch30,train total loss: 0.005800012999717086,  Spearman:0.9290290673441974
Epoch30,val total loss: 0.0012179188197478652,  Spearman:[0.9999999999999999]
Epoch30,test total loss: 2.355218626203991,  Spearman is [-0.015067558468858936],
Epoch31,train total loss: 0.005248198003772967,  Spearman:0.9322660230806177
Epoch31,val total loss: 0.0004829450335819274,  Spearman:[0.9999999999999999]
Epoch31,test total loss: 2.2861526835532415,  Spearman is [-0.015767642028901664],
Epoch32,train total loss: 0.005327916199775835,  Spearman:0.9325670012989203
Epoch32,val total loss: 0.008463353849947453,  Spearman:[0.9999999999999999]
Epoch32,test total loss: 2.1743833678109303,  Spearman is [-0.015070642262708793],
Epoch33,train total loss: 0.005380675176935145,  Spearman:0.9308727746134632
Epoch33,val total loss: 0.006949259899556637,  Spearman:[0.9999999999999999]
Epoch33,test total loss: 2.242308122771127,  Spearman is [-0.013547010013855247],
Epoch34,train total loss: 0.005324843579147475,  Spearman:0.9324411184211414
Epoch34,val total loss: 0.0009057456627488136,  Spearman:[0.9999999999999999]
Epoch34,test total loss: 2.374935331798735,  Spearman is [-0.013858870004399221],
Epoch35,train total loss: 0.005117001023869545,  Spearman:0.9335784752611922
Epoch35,val total loss: 0.0017092354828491807,  Spearman:[0.9999999999999999]
Epoch35,test total loss: 2.4081411475226995,  Spearman is [-0.015486138156013919],
Epoch36,train total loss: 0.00516135932932706,  Spearman:0.9337334012193611
Epoch36,val total loss: 0.007022502366453409,  Spearman:[0.9999999999999999]
Epoch36,test total loss: 2.349687684149969,  Spearman is [-0.012469122043705465],
Epoch37,train total loss: 0.005325925030623572,  Spearman:0.9328895925753257
Epoch37,val total loss: 0.0049040778540074825,  Spearman:[0.9999999999999999]
Epoch37,test total loss: 2.26491242647171,  Spearman is [-0.013896158967532213],
Epoch38,train total loss: 0.005255707022629845,  Spearman:0.9337258578167797
Epoch38,val total loss: 0.013345607556402683,  Spearman:[0.9999999999999999]
Epoch38,test total loss: 2.22043932619549,  Spearman is [-0.014686058023451966],
Epoch39,train total loss: 0.005431256559751809,  Spearman:0.9326896361728815
Epoch39,val total loss: 0.015772288665175438,  Spearman:[0.9999999999999999]
Epoch39,test total loss: 2.28201455161685,  Spearman is [-0.011757264495723034],
Epoch40,train total loss: 0.005112102916523719,  Spearman:0.9337158352148697
Epoch40,val total loss: 0.004016827791929245,  Spearman:[0.9999999999999999]
Epoch40,test total loss: 2.4351374081202914,  Spearman is [-0.013784303415610634],
Epoch41,train total loss: 0.005238200833919807,  Spearman:0.9332092489797096
Epoch41,val total loss: 0.008949174545705318,  Spearman:[0.9999999999999999]
Epoch41,test total loss: 2.2409129483359203,  Spearman is [-0.014248465408662063],
Epoch42,train total loss: 0.005073226707877395,  Spearman:0.9348379929422399
Epoch42,val total loss: 0.005051775835454464,  Spearman:[0.9999999999999999]
Epoch42,test total loss: 2.252828660465422,  Spearman is [-0.012174988181388412],
Epoch43,train total loss: 0.004845054818692203,  Spearman:0.9366795730303922
Epoch43,val total loss: 0.010290882550179958,  Spearman:[0.9999999999999999]
Epoch43,test total loss: 2.325661857922872,  Spearman is [-0.011137750718746463],
Epoch44,train total loss: 0.005248715131046673,  Spearman:0.9335200597556625
Epoch44,val total loss: 0.008659260347485542,  Spearman:[0.9999999999999999]
Epoch44,test total loss: 2.063979764779409,  Spearman is [-0.016042723242795164],
Epoch45,train total loss: 0.004907892944779211,  Spearman:0.9362381660981618
Epoch45,val total loss: 0.0029039522632956505,  Spearman:[0.9999999999999999]
Epoch45,test total loss: 2.295490894998823,  Spearman is [-0.014425539799264859],
Epoch46,train total loss: 0.005104356697543313,  Spearman:0.9340450941846548
Epoch46,val total loss: 0.016139568760991096,  Spearman:[0.9999999999999999]
Epoch46,test total loss: 2.1535749776022777,  Spearman is [-0.011551812399215138],
Epoch47,train total loss: 0.004862713358608988,  Spearman:0.9364055139493217
Epoch47,val total loss: 0.012913757003843784,  Spearman:[0.9999999999999999]
Epoch47,test total loss: 2.276412322407677,  Spearman is [-0.009660885564123254],
Epoch48,train total loss: 0.004778906101578126,  Spearman:0.9376338127755641
Epoch48,val total loss: 0.023589501157402992,  Spearman:[0.9999999999999999]
Epoch48,test total loss: 2.2525451126552762,  Spearman is [-0.011104327835403181],
Epoch49,train total loss: 0.005240394260746221,  Spearman:0.9328251691239748
Epoch49,val total loss: 0.04388092830777168,  Spearman:[0.9999999999999999]
Epoch49,test total loss: 2.1642654084023976,  Spearman is [-0.010376433443324814],
Early stop at epoch 49
ensemble idx 0, best epoch 0, best validation spearman is 0.9999999999999999,best test spearman is [0.012258607745872256],

ensemble 1 models, fold 0, spearman is 0.012258607745872256, ndcg is 0.7591745565315315
training on fold 1 
Epoch0,train total loss: 0.3541867135527035,  Spearman:0.43835649850889175
Epoch0,val total loss: 0.04803883284330368,  Spearman:[0.9999999999999999]
Epoch0,test total loss: 0.4011556804180145,  Spearman is [-0.012690605315570605],
Epoch1,train total loss: 0.07423108884582695,  Spearman:0.7937223648114481
Epoch1,val total loss: 0.03411591053009033,  Spearman:[0.9999999999999999]
Epoch1,test total loss: 1.481980854556674,  Spearman is [-0.012093443375266787],
Epoch2,train total loss: 0.014964299260106045,  Spearman:0.8849720674482546
Epoch2,val total loss: 0.03700258582830429,  Spearman:[0.9999999999999999]
Epoch2,test total loss: 1.2468663879803248,  Spearman is [-0.017433451912954135],
Epoch3,train total loss: 0.011414160391095633,  Spearman:0.8982632654501852
Epoch3,val total loss: 0.010950490832328796,  Spearman:[0.9999999999999999]
Epoch3,test total loss: 1.7265858224460058,  Spearman is [-0.01824741476463241],
Epoch4,train total loss: 0.0103004863946892,  Spearman:0.9022863043193166
Epoch4,val total loss: 0.018082793802022934,  Spearman:[0.9999999999999999]
Epoch4,test total loss: 1.4480016430219014,  Spearman is [-0.010007075436201647],
Epoch5,train total loss: 0.009464132121969431,  Spearman:0.9061840952259143
Epoch5,val total loss: 0.0076429955661296844,  Spearman:[0.9999999999999999]
Epoch5,test total loss: 1.562369616258712,  Spearman is [-0.01226219605746593],
Epoch6,train total loss: 0.009045271881329366,  Spearman:0.9082786353144667
Epoch6,val total loss: 0.006359731312841177,  Spearman:[0.9999999999999999]
Epoch6,test total loss: 1.6920621962774367,  Spearman is [-0.012669823719516249],
Epoch7,train total loss: 0.008596042479825811,  Spearman:0.911334257771248
Epoch7,val total loss: 0.007727993652224541,  Spearman:[0.9999999999999999]
Epoch7,test total loss: 1.641221012387957,  Spearman is [-0.00823036234832829],
Epoch8,train total loss: 0.008166354207601695,  Spearman:0.9136134644483577
Epoch8,val total loss: 0.005158978048712015,  Spearman:[0.9999999999999999]
Epoch8,test total loss: 1.556210219860077,  Spearman is [-0.011360044637915975],
Epoch9,train total loss: 0.007920473257597453,  Spearman:0.9144869251828442
Epoch9,val total loss: 0.006362917833030224,  Spearman:[0.9999999999999999]
Epoch9,test total loss: 1.6610021420887537,  Spearman is [-0.015744269819263884],
Epoch10,train total loss: 0.007716245758838166,  Spearman:0.9153662059795322
Epoch10,val total loss: 0.007447581738233566,  Spearman:[0.9999999999999999]
Epoch10,test total loss: 1.816693561417716,  Spearman is [-0.015381980729292869],
Epoch11,train total loss: 0.00736918054244365,  Spearman:0.9174525051172997
Epoch11,val total loss: 0.005645948462188244,  Spearman:[0.9999999999999999]
Epoch11,test total loss: 1.6749181009474254,  Spearman is [-0.010334558470587903],
Epoch12,train total loss: 0.00725884833105337,  Spearman:0.9188454037328304
Epoch12,val total loss: 0.0020660555455833673,  Spearman:[0.9999999999999999]
Epoch12,test total loss: 1.9369518302735829,  Spearman is [-0.015029096076816168],
Epoch13,train total loss: 0.007160065422643917,  Spearman:0.919491471708373
Epoch13,val total loss: 0.002284277230501175,  Spearman:[0.9999999999999999]
Epoch13,test total loss: 1.7635606697627477,  Spearman is [-0.013869975063501919],
Epoch14,train total loss: 0.006753528482480028,  Spearman:0.9214488570007198
Epoch14,val total loss: 0.004820268601179123,  Spearman:[0.9999999999999999]
Epoch14,test total loss: 1.6884752370062328,  Spearman is [-0.015214078357897913],
Epoch15,train total loss: 0.006937133236832846,  Spearman:0.9203091311047369
Epoch15,val total loss: 0.0039243269711732864,  Spearman:[0.9999999999999999]
Epoch15,test total loss: 1.8790649005344935,  Spearman is [-0.012819399058711607],
Epoch16,train total loss: 0.0067513019773371204,  Spearman:0.9212633794916896
Epoch16,val total loss: 0.0022247086744755507,  Spearman:[0.9999999999999999]
Epoch16,test total loss: 1.8357952010063898,  Spearman is [-0.013481388694726712],
Epoch17,train total loss: 0.00644241267377838,  Spearman:0.9241244293748804
Epoch17,val total loss: 0.0022593459580093622,  Spearman:[0.9999999999999999]
Epoch17,test total loss: 1.8788646118981498,  Spearman is [-0.015032270570485137],
Epoch18,train total loss: 0.006197825695325534,  Spearman:0.9252360224459487
Epoch18,val total loss: 0.0030657697934657335,  Spearman:[0.9999999999999999]
Epoch18,test total loss: 1.8391771600359963,  Spearman is [-0.016806069926669477],
Epoch19,train total loss: 0.006092303684695413,  Spearman:0.9255609968176288
Epoch19,val total loss: 0.0032991787884384394,  Spearman:[0.9999999999999999]
Epoch19,test total loss: 1.9640066368239266,  Spearman is [-0.012804932437563024],
Epoch20,train total loss: 0.00630603811165062,  Spearman:0.9247913135183538
Epoch20,val total loss: 0.001652275212109089,  Spearman:[0.9999999999999999]
Epoch20,test total loss: 1.9682803125608535,  Spearman is [-0.015360411178559966],
Epoch21,train total loss: 0.006524992630647394,  Spearman:0.9236095784353098
Epoch21,val total loss: 0.0063629415817558765,  Spearman:[0.9999999999999999]
Epoch21,test total loss: 1.7807184173947288,  Spearman is [-0.012649852753095223],
Epoch22,train total loss: 0.006206533911016088,  Spearman:0.9257836190664847
Epoch22,val total loss: 0.0043637691996991634,  Spearman:[0.9999999999999999]
Epoch22,test total loss: 1.8442241946856182,  Spearman is [-0.013610879712016284],
Epoch23,train total loss: 0.006035226410605942,  Spearman:0.9260710329750608
Epoch23,val total loss: 0.0025653839111328125,  Spearman:[0.9999999999999999]
Epoch23,test total loss: 1.9887810888744535,  Spearman is [-0.011070519477828666],
Epoch24,train total loss: 0.006077689178936635,  Spearman:0.926330441477636
Epoch24,val total loss: 0.003254225477576256,  Spearman:[0.9999999999999999]
Epoch24,test total loss: 1.8444238674072992,  Spearman is [-0.017043272628605752],
Epoch25,train total loss: 0.00591384231621703,  Spearman:0.9272182785196902
Epoch25,val total loss: 0.007295244839042425,  Spearman:[0.9999999999999999]
Epoch25,test total loss: 1.7971099331265403,  Spearman is [-0.013175203130287715],
Epoch26,train total loss: 0.005626522349759032,  Spearman:0.9319105155242863
Epoch26,val total loss: 0.010238878428936005,  Spearman:[0.9999999999999999]
Epoch26,test total loss: 1.845907171567281,  Spearman is [-0.010977988656116934],
Epoch27,train total loss: 0.005828357668379292,  Spearman:0.9283398402046019
Epoch27,val total loss: 0.011937773786485195,  Spearman:[0.9999999999999999]
Epoch27,test total loss: 1.8610334311212813,  Spearman is [-0.013860701006997576],
Epoch28,train total loss: 0.0059948523942464456,  Spearman:0.9269540563192837
Epoch28,val total loss: 0.005077754147350788,  Spearman:[0.9999999999999999]
Epoch28,test total loss: 1.9800819186937242,  Spearman is [-0.014184261274207178],
Epoch29,train total loss: 0.005957503298731943,  Spearman:0.9270861598592238
Epoch29,val total loss: 0.0026202865410596132,  Spearman:[0.9999999999999999]
Epoch29,test total loss: 2.0419009640103294,  Spearman is [-0.014166886590108271],
Epoch30,train total loss: 0.00588873878847391,  Spearman:0.9262124691331471
Epoch30,val total loss: 0.0018431764328852296,  Spearman:[0.9999999999999999]
Epoch30,test total loss: 1.8751220845040821,  Spearman is [-0.012846042130576161],
Epoch31,train total loss: 0.00552068521661428,  Spearman:0.9310868632907825
Epoch31,val total loss: 0.006080060265958309,  Spearman:[0.9999999999999999]
Epoch31,test total loss: 1.7411292819749742,  Spearman is [-0.012705944922478155],
Epoch32,train total loss: 0.006037673372150467,  Spearman:0.9280793691924676
Epoch32,val total loss: 0.0032425092067569494,  Spearman:[0.9999999999999999]
Epoch32,test total loss: 1.841337263584137,  Spearman is [-0.014056765672227235],
Epoch33,train total loss: 0.005918815236586256,  Spearman:0.9277580250733809
Epoch33,val total loss: 0.0014759083278477192,  Spearman:[0.9999999999999999]
Epoch33,test total loss: 2.0213944088845026,  Spearman is [-0.013807596262906688],
Epoch34,train total loss: 0.0055772598695974,  Spearman:0.9305335211180285
Epoch34,val total loss: 0.010772875510156155,  Spearman:[0.9999999999999999]
Epoch34,test total loss: 1.9414888705526079,  Spearman is [-0.013408556739978665],
Epoch35,train total loss: 0.005887619417589218,  Spearman:0.9288574759192288
Epoch35,val total loss: 0.015674715861678123,  Spearman:[0.9999999999999999]
Epoch35,test total loss: 1.6249165733655293,  Spearman is [-0.010085893579011176],
Epoch36,train total loss: 0.005571541154739289,  Spearman:0.9302134122782164
Epoch36,val total loss: 0.0029767302330583334,  Spearman:[0.9999999999999999]
Epoch36,test total loss: 2.215325891971588,  Spearman is [-0.009754657839609103],
Epoch37,train total loss: 0.005635641169356415,  Spearman:0.9294198202978561
Epoch37,val total loss: 0.009420998394489288,  Spearman:[0.9999999999999999]
Epoch37,test total loss: 1.8334003800437564,  Spearman is [-0.010341185226121876],
Epoch38,train total loss: 0.0053655457483550995,  Spearman:0.9319835567647475
Epoch38,val total loss: 0.00573954451829195,  Spearman:[0.9999999999999999]
Epoch38,test total loss: 2.0091803556396846,  Spearman is [-0.012745285969018584],
Epoch39,train total loss: 0.005550634213381063,  Spearman:0.9300705864320764
Epoch39,val total loss: 0.008771472610533237,  Spearman:[0.9999999999999999]
Epoch39,test total loss: 1.8692913623083205,  Spearman is [-0.01506944049010554],
Epoch40,train total loss: 0.005544335509207064,  Spearman:0.9319299592824994
Epoch40,val total loss: 0.009827567264437675,  Spearman:[0.9999999999999999]
Epoch40,test total loss: 1.8418010984148299,  Spearman is [-0.01023579770505082],
Epoch41,train total loss: 0.00559881650292264,  Spearman:0.9310651498172042
Epoch41,val total loss: 0.010006630793213844,  Spearman:[0.9999999999999999]
Epoch41,test total loss: 1.9768374136516027,  Spearman is [-0.012042640139085901],
Epoch42,train total loss: 0.005873898390870982,  Spearman:0.9278626382722317
Epoch42,val total loss: 0.023896630853414536,  Spearman:[0.9999999999999999]
Epoch42,test total loss: 1.7458529699416387,  Spearman is [-0.011440648433414299],
Epoch43,train total loss: 0.005487414725577107,  Spearman:0.9307601321101173
Epoch43,val total loss: 0.01470133662223816,  Spearman:[0.9999999999999999]
Epoch43,test total loss: 1.977215397925604,  Spearman is [-0.007911756558737755],
Epoch44,train total loss: 0.005262971212254308,  Spearman:0.9333659695527529
Epoch44,val total loss: 0.01193394884467125,  Spearman:[0.9999999999999999]
Epoch44,test total loss: 1.869720186505999,  Spearman is [-0.010663997219823793],
Epoch45,train total loss: 0.005604763940786021,  Spearman:0.9299953748119377
Epoch45,val total loss: 0.0077907973900437355,  Spearman:[0.9999999999999999]
Epoch45,test total loss: 2.222915516013191,  Spearman is [-0.008448648469240727],
Epoch46,train total loss: 0.005346299934620484,  Spearman:0.9331859546922843
Epoch46,val total loss: 0.012798440642654896,  Spearman:[0.9999999999999999]
Epoch46,test total loss: 1.917686294941675,  Spearman is [-0.010834563898405205],
Epoch47,train total loss: 0.005443801384079999,  Spearman:0.9324840907841356
Epoch47,val total loss: 0.016983207315206528,  Spearman:[0.9999999999999999]
Epoch47,test total loss: 1.788689794994536,  Spearman is [-0.008883361364773782],
Epoch48,train total loss: 0.005283601474189483,  Spearman:0.932463034899943
Epoch48,val total loss: 0.016294032335281372,  Spearman:[0.9999999999999999]
Epoch48,test total loss: 1.7460857714925493,  Spearman is [-0.009576098239468325],
Epoch49,train total loss: 0.005335861496395244,  Spearman:0.9327764900776806
Epoch49,val total loss: 0.008328032679855824,  Spearman:[0.9999999999999999]
Epoch49,test total loss: 2.012171685695648,  Spearman is [-0.009454418776787687],
Early stop at epoch 49
ensemble idx 0, best epoch 0, best validation spearman is 0.9999999999999999,best test spearman is [-0.01268744782811772],

ensemble 1 models, fold 1, spearman is -0.01268744782811772, ndcg is 0.8066467596793551
training on fold 2 
Epoch0,train total loss: 0.24710271376580856,  Spearman:0.051563325842073425
Epoch0,val total loss: 0.6129990816116333,  Spearman:[0.9999999999999999]
Epoch0,test total loss: 0.017216548634072144,  Spearman is [0.006336096626145293],
Epoch1,train total loss: 0.07099641945224981,  Spearman:0.6629524077901572
Epoch1,val total loss: 0.07446391880512238,  Spearman:[0.9999999999999999]
Epoch1,test total loss: 0.4111824383338292,  Spearman is [-0.007232420582317213],
Epoch2,train total loss: 0.02676051221014307,  Spearman:0.8424062997518784
Epoch2,val total loss: 0.008470476604998112,  Spearman:[0.9999999999999999]
Epoch2,test total loss: 0.6692061324914297,  Spearman is [-0.040040568895341674],
Epoch3,train total loss: 0.013945704977661847,  Spearman:0.905024022965194
Epoch3,val total loss: 0.0068787080235779285,  Spearman:[0.9999999999999999]
Epoch3,test total loss: 1.4517058531443279,  Spearman is [-0.024377577451480763],
Epoch4,train total loss: 0.009861204329842386,  Spearman:0.9156160014059018
Epoch4,val total loss: 0.007117327768355608,  Spearman:[0.9999999999999999]
Epoch4,test total loss: 1.6342795207386924,  Spearman is [-0.01865715686621581],
Epoch5,train total loss: 0.00886186123632204,  Spearman:0.9195756093954909
Epoch5,val total loss: 0.01282528042793274,  Spearman:[0.9999999999999999]
Epoch5,test total loss: 1.5918582649458022,  Spearman is [-0.0205948848079702],
Epoch6,train total loss: 0.00814729682898845,  Spearman:0.9238264174594802
Epoch6,val total loss: 0.01172538660466671,  Spearman:[0.9999999999999999]
Epoch6,test total loss: 1.798943076814924,  Spearman is [-0.015832509405783818],
Epoch7,train total loss: 0.008114761794164491,  Spearman:0.9237290036741339
Epoch7,val total loss: 0.013242639601230621,  Spearman:[0.9999999999999999]
Epoch7,test total loss: 1.7159311260495866,  Spearman is [-0.017991879361757845],
Epoch8,train total loss: 0.00729107865230582,  Spearman:0.9282576147929041
Epoch8,val total loss: 0.016334358602762222,  Spearman:[0.9999999999999999]
Epoch8,test total loss: 1.7025016830081032,  Spearman is [-0.020326333981052862],
Epoch9,train total loss: 0.006964725877393406,  Spearman:0.9313319132876773
Epoch9,val total loss: 0.00960673950612545,  Spearman:[0.9999999999999999]
Epoch9,test total loss: 1.5779106560207548,  Spearman is [-0.02072373523849815],
Epoch10,train total loss: 0.006389977193226259,  Spearman:0.9352572115296421
Epoch10,val total loss: 0.015394290909171104,  Spearman:[0.9999999999999999]
Epoch10,test total loss: 1.8983076754070463,  Spearman is [-0.01763786663028092],
Epoch11,train total loss: 0.006217516821097975,  Spearman:0.9356676982413376
Epoch11,val total loss: 0.010394497774541378,  Spearman:[0.9999999999999999]
Epoch11,test total loss: 1.8843491219338917,  Spearman is [-0.017349514899103392],
Epoch12,train total loss: 0.006156997717976475,  Spearman:0.9375051237565863
Epoch12,val total loss: 0.010568177327513695,  Spearman:[0.9999999999999999]
Epoch12,test total loss: 1.7887181838353474,  Spearman is [-0.017408753218461824],
Epoch13,train total loss: 0.006155871637403584,  Spearman:0.9365897305413697
Epoch13,val total loss: 0.017206860706210136,  Spearman:[0.9999999999999999]
Epoch13,test total loss: 1.9096026477359591,  Spearman is [-0.012944610158997632],
Epoch14,train total loss: 0.005576982060239052,  Spearman:0.9405867501166686
Epoch14,val total loss: 0.01914752833545208,  Spearman:[0.9999999999999999]
Epoch14,test total loss: 2.06490067924772,  Spearman is [-0.014294881041093336],
Epoch15,train total loss: 0.005743589389849061,  Spearman:0.9398294326837067
Epoch15,val total loss: 0.017735600471496582,  Spearman:[0.9999999999999999]
Epoch15,test total loss: 1.9336703845432825,  Spearman is [-0.016535557716163815],
Epoch16,train total loss: 0.005188284593577773,  Spearman:0.9442682709611333
Epoch16,val total loss: 0.02076198346912861,  Spearman:[0.9999999999999999]
Epoch16,test total loss: 2.0149184465408325,  Spearman is [-0.01733493490318092],
Epoch17,train total loss: 0.00563860841514989,  Spearman:0.9405156184197275
Epoch17,val total loss: 0.021336708217859268,  Spearman:[0.9999999999999999]
Epoch17,test total loss: 2.0820440366154624,  Spearman is [-0.013146882093097865],
Epoch18,train total loss: 0.005457845315658532,  Spearman:0.9414959228541391
Epoch18,val total loss: 0.02067279815673828,  Spearman:[0.9999999999999999]
Epoch18,test total loss: 1.9937960079738073,  Spearman is [-0.015983581291994547],
Epoch19,train total loss: 0.0053847925239108715,  Spearman:0.9412664104100473
Epoch19,val total loss: 0.02498462237417698,  Spearman:[0.9999999999999999]
Epoch19,test total loss: 1.9965771663756597,  Spearman is [-0.016070063569519157],
Epoch20,train total loss: 0.005303167549077981,  Spearman:0.9436023375839747
Epoch20,val total loss: 0.02537957765161991,  Spearman:[0.9999999999999999]
Epoch20,test total loss: 2.156036961646307,  Spearman is [-0.018018777526863653],
Epoch21,train total loss: 0.004931265622535095,  Spearman:0.9461004656841362
Epoch21,val total loss: 0.02903791330754757,  Spearman:[0.9999999999999999]
Epoch21,test total loss: 2.1538895027978078,  Spearman is [-0.017727869194534868],
Epoch22,train total loss: 0.0051313678580767715,  Spearman:0.9442711153712599
Epoch22,val total loss: 0.02609611675143242,  Spearman:[0.9999999999999999]
Epoch22,test total loss: 2.207391551562718,  Spearman is [-0.016132283645430935],
Epoch23,train total loss: 0.0048987562790477335,  Spearman:0.9464477834235695
Epoch23,val total loss: 0.033845752477645874,  Spearman:[0.9999999999999999]
Epoch23,test total loss: 2.274886497429439,  Spearman is [-0.014416866629062141],
Epoch24,train total loss: 0.005002855975999119,  Spearman:0.9450818150580834
Epoch24,val total loss: 0.035798534750938416,  Spearman:[0.9999999999999999]
Epoch24,test total loss: 2.2863341456367854,  Spearman is [-0.01702559750135603],
Epoch25,train total loss: 0.0049062109074016775,  Spearman:0.946688754095715
Epoch25,val total loss: 0.03444094583392143,  Spearman:[0.9999999999999999]
Epoch25,test total loss: 2.2583759058089483,  Spearman is [-0.01540682681099124],
Epoch26,train total loss: 0.004924534521729183,  Spearman:0.9462728974444949
Epoch26,val total loss: 0.030835241079330444,  Spearman:[0.9999999999999999]
Epoch26,test total loss: 2.067169112818582,  Spearman is [-0.020515136992014755],
Epoch27,train total loss: 0.004888103208162438,  Spearman:0.9472095385103798
Epoch27,val total loss: 0.032646242529153824,  Spearman:[0.9999999999999999]
Epoch27,test total loss: 2.395092569646381,  Spearman is [-0.015218380930567103],
Epoch28,train total loss: 0.004918086402766858,  Spearman:0.9469851229260743
Epoch28,val total loss: 0.029183492064476013,  Spearman:[0.9999999999999999]
Epoch28,test total loss: 2.1389875752585277,  Spearman is [-0.015453055375045592],
Epoch29,train total loss: 0.004739421395623622,  Spearman:0.9487827585953447
Epoch29,val total loss: 0.036002133041620255,  Spearman:[0.9999999999999999]
Epoch29,test total loss: 2.3047515891847157,  Spearman is [-0.018697455929595624],
Epoch30,train total loss: 0.00464717631403821,  Spearman:0.9489088199814316
Epoch30,val total loss: 0.03658194839954376,  Spearman:[0.9999999999999999]
Epoch30,test total loss: 2.2642709754762196,  Spearman is [-0.014347526617349962],
Epoch31,train total loss: 0.004698904704290648,  Spearman:0.9484665641262896
Epoch31,val total loss: 0.03215625509619713,  Spearman:[0.9999999999999999]
Epoch31,test total loss: 2.0765583288101923,  Spearman is [-0.01824273238647068],
Epoch32,train total loss: 0.0048505514979172056,  Spearman:0.9474712514577525
Epoch32,val total loss: 0.032040372490882874,  Spearman:[0.9999999999999999]
Epoch32,test total loss: 2.260053183351244,  Spearman is [-0.02125559897777902],
Epoch33,train total loss: 0.004840310570745232,  Spearman:0.9476954467228208
Epoch33,val total loss: 0.04022422060370445,  Spearman:[0.9999999999999999]
Epoch33,test total loss: 2.417373157682873,  Spearman is [-0.016624505895020566],
Epoch34,train total loss: 0.004768194500565196,  Spearman:0.947469380501712
Epoch34,val total loss: 0.041809048503637314,  Spearman:[0.9999999999999999]
Epoch34,test total loss: 2.326868406363896,  Spearman is [-0.019353493389981418],
Epoch35,train total loss: 0.004668972665851656,  Spearman:0.9489954741786494
Epoch35,val total loss: 0.033306784927845,  Spearman:[0.9999999999999999]
Epoch35,test total loss: 2.3655323641640797,  Spearman is [-0.01801308611321429],
Epoch36,train total loss: 0.004562895662469653,  Spearman:0.9500057782644292
Epoch36,val total loss: 0.0414598174393177,  Spearman:[0.9999999999999999]
Epoch36,test total loss: 2.3504740567434403,  Spearman is [-0.018248486156245684],
Epoch37,train total loss: 0.004609499889137313,  Spearman:0.9494091583883346
Epoch37,val total loss: 0.045847196131944656,  Spearman:[0.9999999999999999]
Epoch37,test total loss: 2.7399370272954306,  Spearman is [-0.014754451355802153],
Epoch38,train total loss: 0.004488365739188232,  Spearman:0.9506839073546464
Epoch38,val total loss: 0.0376221165060997,  Spearman:[0.9999999999999999]
Epoch38,test total loss: 2.266083291598729,  Spearman is [-0.017322554377871942],
Epoch39,train total loss: 0.004500331023496728,  Spearman:0.9500243857882211
Epoch39,val total loss: 0.04503137245774269,  Spearman:[0.9999999999999999]
Epoch39,test total loss: 2.61688924971081,  Spearman is [-0.016042830948830362],
Epoch40,train total loss: 0.004440134153150903,  Spearman:0.9509739194542727
Epoch40,val total loss: 0.03685390576720238,  Spearman:[0.9999999999999999]
Epoch40,test total loss: 2.3349547329403104,  Spearman is [-0.017242245356785736],
Epoch41,train total loss: 0.004481424433223832,  Spearman:0.9508433485242226
Epoch41,val total loss: 0.03850286081433296,  Spearman:[0.9999999999999999]
Epoch41,test total loss: 2.270088791847229,  Spearman is [-0.015351431896467743],
Epoch42,train total loss: 0.004497548816695857,  Spearman:0.9501394724811074
Epoch42,val total loss: 0.03279548138380051,  Spearman:[0.9999999999999999]
Epoch42,test total loss: 2.2419012784957886,  Spearman is [-0.020167915409493947],
Epoch43,train total loss: 0.004451547593128281,  Spearman:0.9508875197848543
Epoch43,val total loss: 0.03744754195213318,  Spearman:[0.9999999999999999]
Epoch43,test total loss: 2.5249070042655584,  Spearman is [-0.015260289915736183],
Epoch44,train total loss: 0.00439743678079555,  Spearman:0.9504063263570222
Epoch44,val total loss: 0.04266723617911339,  Spearman:[0.9999999999999999]
Epoch44,test total loss: 2.4299006178265525,  Spearman is [-0.018065215834249707],
Epoch45,train total loss: 0.004378741708236,  Spearman:0.9519590963768108
Epoch45,val total loss: 0.03905953839421272,  Spearman:[0.9999999999999999]
Epoch45,test total loss: 2.4184695056506564,  Spearman is [-0.017703805398776352],
Epoch46,train total loss: 0.004597799310582681,  Spearman:0.9503307686054058
Epoch46,val total loss: 0.043581195175647736,  Spearman:[0.9999999999999999]
Epoch46,test total loss: 2.4964413415817988,  Spearman is [-0.016089257918739025],
Epoch47,train total loss: 0.004608547078079571,  Spearman:0.9491905122146717
Epoch47,val total loss: 0.05095939710736275,  Spearman:[0.9999999999999999]
Epoch47,test total loss: 2.5393020510673523,  Spearman is [-0.016246072237247368],
Epoch48,train total loss: 0.0045678364458871775,  Spearman:0.9502640067246423
Epoch48,val total loss: 0.036702483892440796,  Spearman:[0.9999999999999999]
Epoch48,test total loss: 2.3139784449622747,  Spearman is [-0.016570343954646384],
Epoch49,train total loss: 0.004249541728293148,  Spearman:0.9531497781357435
Epoch49,val total loss: 0.04531411826610565,  Spearman:[0.9999999999999999]
Epoch49,test total loss: 2.5529654792376926,  Spearman is [-0.01746236814903522],
Early stop at epoch 49
ensemble idx 0, best epoch 0, best validation spearman is 0.9999999999999999,best test spearman is [0.006342825418975767],

ensemble 1 models, fold 2, spearman is 0.006342825418975767, ndcg is 0.5681183046052454
training on fold 3 
Epoch0,train total loss: 0.34126448226622497,  Spearman:0.29688027053422833
Epoch0,val total loss: 0.11209015548229218,  Spearman:[-0.9999999999999999]
Epoch0,test total loss: 0.2504464402085259,  Spearman is [0.017134992820684158],
Epoch1,train total loss: 0.07817922682522203,  Spearman:0.6945940067999438
Epoch1,val total loss: 0.16854272782802582,  Spearman:[-0.9999999999999999]
Epoch1,test total loss: 0.6172617035252708,  Spearman is [0.008291267276862926],
Epoch2,train total loss: 0.01996219592591444,  Spearman:0.8449855307532859
Epoch2,val total loss: 0.29289135336875916,  Spearman:[-0.9999999999999999]
Epoch2,test total loss: 0.8667540777297247,  Spearman is [0.014707412162114474],
Epoch3,train total loss: 0.013365143612503244,  Spearman:0.8992158693181337
Epoch3,val total loss: 0.2263135313987732,  Spearman:[0.0]
Epoch3,test total loss: 1.0566796972638084,  Spearman is [0.01951568734151092],
Epoch4,train total loss: 0.0114014648026028,  Spearman:0.9093379158514437
Epoch4,val total loss: 0.22597593069076538,  Spearman:[0.0]
Epoch4,test total loss: 1.1342166605449857,  Spearman is [0.02228602261651008],
Epoch5,train total loss: 0.010251366509535252,  Spearman:0.914043658854688
Epoch5,val total loss: 0.18767805397510529,  Spearman:[0.0]
Epoch5,test total loss: 1.3676733204296656,  Spearman is [0.023809207035006753],
Epoch6,train total loss: 0.00960757765627374,  Spearman:0.9165666354493552
Epoch6,val total loss: 0.25517693161964417,  Spearman:[0.0]
Epoch6,test total loss: 1.014118072532472,  Spearman is [0.02580397382550607],
Epoch7,train total loss: 0.008934613769522872,  Spearman:0.9203680778646814
Epoch7,val total loss: 0.2100980430841446,  Spearman:[-0.9999999999999999]
Epoch7,test total loss: 1.2736126539253054,  Spearman is [0.027452539406449608],
Epoch8,train total loss: 0.008197204822811265,  Spearman:0.9243989711205471
Epoch8,val total loss: 0.21890103816986084,  Spearman:[-0.9999999999999999]
Epoch8,test total loss: 1.2564246626127333,  Spearman is [0.028296591923118748],
Epoch9,train total loss: 0.008369958214164256,  Spearman:0.9225421962406598
Epoch9,val total loss: 0.21903865039348602,  Spearman:[-0.9999999999999999]
Epoch9,test total loss: 1.1368139882882435,  Spearman is [0.02441714524756898],
Epoch10,train total loss: 0.007426278759389163,  Spearman:0.9283291081834345
Epoch10,val total loss: 0.21865922212600708,  Spearman:[-0.9999999999999999]
Epoch10,test total loss: 1.3132494177137102,  Spearman is [0.027222320590585068],
Epoch11,train total loss: 0.007616202907113079,  Spearman:0.9277210952108569
Epoch11,val total loss: 0.17107626795768738,  Spearman:[-0.9999999999999999]
Epoch11,test total loss: 1.5581305566288175,  Spearman is [0.02844340658656984],
Epoch12,train total loss: 0.007254024854483315,  Spearman:0.9285698838468677
Epoch12,val total loss: 0.21233555674552917,  Spearman:[-0.9999999999999999]
Epoch12,test total loss: 1.4304178073292686,  Spearman is [0.02714997051710258],
Epoch13,train total loss: 0.00719919795104966,  Spearman:0.9297768654764824
Epoch13,val total loss: 0.1923762410879135,  Spearman:[-0.9999999999999999]
Epoch13,test total loss: 1.532609156199864,  Spearman is [0.02497188234748251],
Epoch14,train total loss: 0.0069267002095025,  Spearman:0.9324905371235794
Epoch14,val total loss: 0.22157146036624908,  Spearman:[-0.9999999999999999]
Epoch14,test total loss: 1.4663949608802795,  Spearman is [0.027220670987624943],
Epoch15,train total loss: 0.0067938999882854595,  Spearman:0.9320001660800662
Epoch15,val total loss: 0.16245092451572418,  Spearman:[-0.9999999999999999]
Epoch15,test total loss: 1.718905928589049,  Spearman is [0.02571597799475001],
Epoch16,train total loss: 0.006532133943713702,  Spearman:0.9337062844835434
Epoch16,val total loss: 0.2118987739086151,  Spearman:[-0.9999999999999999]
Epoch16,test total loss: 1.4810405657404946,  Spearman is [0.024520526035142154],
Epoch17,train total loss: 0.006560584168714551,  Spearman:0.9337609887477264
Epoch17,val total loss: 0.24578265845775604,  Spearman:[-0.9999999999999999]
Epoch17,test total loss: 1.425324986378352,  Spearman is [0.02679617315921953],
Epoch18,train total loss: 0.006588718676106475,  Spearman:0.9336778903493127
Epoch18,val total loss: 0.22135691344738007,  Spearman:[-0.9999999999999999]
Epoch18,test total loss: 1.524963963599432,  Spearman is [0.028045211705707312],
Epoch19,train total loss: 0.006683911985387436,  Spearman:0.9331140396692712
Epoch19,val total loss: 0.206374853849411,  Spearman:[-0.9999999999999999]
Epoch19,test total loss: 1.5172323868388222,  Spearman is [0.025050088266513025],
Epoch20,train total loss: 0.005966955368160107,  Spearman:0.9382186729116737
Epoch20,val total loss: 0.22050434350967407,  Spearman:[-0.9999999999999999]
Epoch20,test total loss: 1.5409453142256964,  Spearman is [0.029299476829271507],
Epoch21,train total loss: 0.005968368482796815,  Spearman:0.9379193964411336
Epoch21,val total loss: 0.2055014967918396,  Spearman:[-0.9999999999999999]
Epoch21,test total loss: 1.5662613936832972,  Spearman is [0.0293840884230269],
Epoch22,train total loss: 0.006051796274229932,  Spearman:0.9371778427291596
Epoch22,val total loss: 0.23416633903980255,  Spearman:[-0.9999999999999999]
Epoch22,test total loss: 1.4154615927310217,  Spearman is [0.027503739454339118],
Epoch23,train total loss: 0.006133064829979461,  Spearman:0.9362180204732605
Epoch23,val total loss: 0.22939759492874146,  Spearman:[-0.9999999999999999]
Epoch23,test total loss: 1.482995745681581,  Spearman is [0.029055641703062563],
Epoch24,train total loss: 0.0061571403159596284,  Spearman:0.9366993072525319
Epoch24,val total loss: 0.21912628412246704,  Spearman:[-0.9999999999999999]
Epoch24,test total loss: 1.6440279455412001,  Spearman is [0.02748392154386284],
Epoch25,train total loss: 0.00613785233979408,  Spearman:0.9374016581465547
Epoch25,val total loss: 0.2014380693435669,  Spearman:[-0.9999999999999999]
Epoch25,test total loss: 1.6841488622483753,  Spearman is [0.0282338163108149],
Epoch26,train total loss: 0.005946041139128347,  Spearman:0.9391610123036754
Epoch26,val total loss: 0.21439231932163239,  Spearman:[-0.9999999999999999]
Epoch26,test total loss: 1.4287787065619515,  Spearman is [0.02681857601454054],
Epoch27,train total loss: 0.005698239941078539,  Spearman:0.9400508631546074
Epoch27,val total loss: 0.26493769884109497,  Spearman:[-0.9999999999999999]
Epoch27,test total loss: 1.59096759557724,  Spearman is [0.029711157639488454],
Epoch28,train total loss: 0.005901768412321997,  Spearman:0.939443410590375
Epoch28,val total loss: 0.21414442360401154,  Spearman:[-0.9999999999999999]
Epoch28,test total loss: 1.49243977807817,  Spearman is [0.028099093066999356],
Epoch29,train total loss: 0.005914929038740861,  Spearman:0.9386121825655267
Epoch29,val total loss: 0.27079808712005615,  Spearman:[-0.9999999999999999]
Epoch29,test total loss: 1.3724355910505568,  Spearman is [0.02831796306799734],
Epoch30,train total loss: 0.005813149594740508,  Spearman:0.9396417257121848
Epoch30,val total loss: 0.26587051153182983,  Spearman:[-0.9999999999999999]
Epoch30,test total loss: 1.5109241264207023,  Spearman is [0.02970556826313559],
Epoch31,train total loss: 0.00593414285871834,  Spearman:0.938870840614778
Epoch31,val total loss: 0.2029729038476944,  Spearman:[-0.9999999999999999]
Epoch31,test total loss: 1.7276998729932875,  Spearman is [0.028021646758953914],
Epoch32,train total loss: 0.005684232482829461,  Spearman:0.9392683627623238
Epoch32,val total loss: 0.2483796924352646,  Spearman:[-0.9999999999999999]
Epoch32,test total loss: 1.5502664276531763,  Spearman is [0.030740997398133966],
Epoch33,train total loss: 0.005813033097593215,  Spearman:0.9377960985788504
Epoch33,val total loss: 0.20240555703639984,  Spearman:[-0.9999999999999999]
Epoch33,test total loss: 1.7643337647120159,  Spearman is [0.02932357463746219],
Epoch34,train total loss: 0.005769672410818525,  Spearman:0.9400986330157661
Epoch34,val total loss: 0.2353277951478958,  Spearman:[-0.9999999999999999]
Epoch34,test total loss: 1.6512260947908675,  Spearman is [0.029395749018521662],
Epoch35,train total loss: 0.005723555364047948,  Spearman:0.9400255464196199
Epoch35,val total loss: 0.2811245918273926,  Spearman:[-0.9999999999999999]
Epoch35,test total loss: 1.545495092868805,  Spearman is [0.026028886701952483],
Epoch36,train total loss: 0.005764998119181623,  Spearman:0.9391248318129326
Epoch36,val total loss: 0.20660251379013062,  Spearman:[-0.9999999999999999]
Epoch36,test total loss: 1.8644996257055373,  Spearman is [0.030297118152131767],
Epoch37,train total loss: 0.005613393022324711,  Spearman:0.9399814791516589
Epoch37,val total loss: 0.2536482512950897,  Spearman:[-0.9999999999999999]
Epoch37,test total loss: 1.715774987425123,  Spearman is [0.027209157779336236],
Epoch38,train total loss: 0.005588769555663149,  Spearman:0.9410137271728584
Epoch38,val total loss: 0.22420628368854523,  Spearman:[-0.9999999999999999]
Epoch38,test total loss: 1.7005634222711836,  Spearman is [0.027644346848919636],
Epoch39,train total loss: 0.0056716301240407815,  Spearman:0.9399702990198514
Epoch39,val total loss: 0.25324681401252747,  Spearman:[-0.9999999999999999]
Epoch39,test total loss: 1.7097019042287553,  Spearman is [0.029059966991869874],
Epoch40,train total loss: 0.005474542332337068,  Spearman:0.940674377574105
Epoch40,val total loss: 0.26378482580184937,  Spearman:[-0.9999999999999999]
Epoch40,test total loss: 1.6908162576811654,  Spearman is [0.027769801704969527],
Epoch41,train total loss: 0.005494964628156049,  Spearman:0.9418267229652043
Epoch41,val total loss: 0.2302878051996231,  Spearman:[-0.9999999999999999]
Epoch41,test total loss: 1.8639900655973525,  Spearman is [0.027702774538644736],
Epoch42,train total loss: 0.0056473608180797235,  Spearman:0.9410470105901543
Epoch42,val total loss: 0.26190248131752014,  Spearman:[-0.9999999999999999]
Epoch42,test total loss: 1.5468038207008725,  Spearman is [0.029297583470547513],
Epoch43,train total loss: 0.005378030863897012,  Spearman:0.9418326326491702
Epoch43,val total loss: 0.27797621488571167,  Spearman:[-0.9999999999999999]
Epoch43,test total loss: 1.6945939404623849,  Spearman is [0.027674470526342667],
Epoch44,train total loss: 0.005744570970368652,  Spearman:0.9399564194113871
Epoch44,val total loss: 0.20450060069561005,  Spearman:[-0.9999999999999999]
Epoch44,test total loss: 1.9142192091260637,  Spearman is [0.02938512580220801],
Epoch45,train total loss: 0.005225813701397742,  Spearman:0.9427461071213961
Epoch45,val total loss: 0.1852923035621643,  Spearman:[-0.9999999999999999]
Epoch45,test total loss: 1.975503927185422,  Spearman is [0.027986290835715782],
Epoch46,train total loss: 0.005410188849206073,  Spearman:0.9415428075700589
Epoch46,val total loss: 0.2702326476573944,  Spearman:[-0.9999999999999999]
Epoch46,test total loss: 1.6101671712739127,  Spearman is [0.028139873973168212],
Epoch47,train total loss: 0.0054150500197927606,  Spearman:0.9419461886553733
Epoch47,val total loss: 0.22013938426971436,  Spearman:[-0.9999999999999999]
Epoch47,test total loss: 1.8616901948338462,  Spearman is [0.029811789088794748],
Epoch48,train total loss: 0.005462075779274011,  Spearman:0.9422491029353047
Epoch48,val total loss: 0.23711353540420532,  Spearman:[-0.9999999999999999]
Epoch48,test total loss: 1.8449940454392206,  Spearman is [0.02852997389517487],
Epoch49,train total loss: 0.005314788602578183,  Spearman:0.9430074873186408
Epoch49,val total loss: 0.2496211975812912,  Spearman:[-0.9999999999999999]
Epoch49,test total loss: 1.734766349906013,  Spearman is [0.027386385225883787],
Early stop at epoch 49
ensemble idx 0, best epoch 3, best validation spearman is 0.0,best test spearman is [0.019516634020872916],

ensemble 1 models, fold 3, spearman is 0.019516634020872916, ndcg is 0.7585610322031839
training on fold 4 
Epoch0,train total loss: 0.24984573161068815,  Spearman:0.3398185626262827
Epoch0,val total loss: 0.022733256220817566,  Spearman:[0.9999999999999999]
Epoch0,test total loss: 0.18976757604451405,  Spearman is [-0.008999791588821892],
Epoch1,train total loss: 0.054623339997646146,  Spearman:0.7819532362615813
Epoch1,val total loss: 0.00018063328752759844,  Spearman:[0.9999999999999999]
Epoch1,test total loss: 1.3937557481584095,  Spearman is [-0.016314340857346274],
Epoch2,train total loss: 0.015601009381905246,  Spearman:0.8883672133511326
Epoch2,val total loss: 0.003953652456402779,  Spearman:[0.9999999999999999]
Epoch2,test total loss: 2.2343948795681907,  Spearman is [-0.018480961130110673],
Epoch3,train total loss: 0.011141813617532912,  Spearman:0.9049860618077975
Epoch3,val total loss: 0.0008340129279531538,  Spearman:[0.9999999999999999]
Epoch3,test total loss: 2.0369651942026046,  Spearman is [-0.015422206099069653],
Epoch4,train total loss: 0.009815766333272092,  Spearman:0.9107988519685345
Epoch4,val total loss: 0.0019523551454767585,  Spearman:[0.9999999999999999]
Epoch4,test total loss: 2.0609594044231234,  Spearman is [-0.01162943443816011],
Epoch5,train total loss: 0.009331239506411857,  Spearman:0.9139970530018412
Epoch5,val total loss: 0.000792484323028475,  Spearman:[0.9999999999999999]
Epoch5,test total loss: 1.913508985723768,  Spearman is [-0.012057923058606508],
Epoch6,train total loss: 0.008402731550780062,  Spearman:0.9197521835145023
Epoch6,val total loss: 0.002429458312690258,  Spearman:[0.9999999999999999]
Epoch6,test total loss: 1.8016977452096485,  Spearman is [-0.015290005443973203],
Epoch7,train total loss: 0.007841048174546644,  Spearman:0.926378755555259
Epoch7,val total loss: 0.0013924665981903672,  Spearman:[0.9999999999999999]
Epoch7,test total loss: 1.7531403246380033,  Spearman is [-0.02084330027504436],
Epoch8,train total loss: 0.007389966434183212,  Spearman:0.9279249701653709
Epoch8,val total loss: 0.001475478638894856,  Spearman:[0.9999999999999999]
Epoch8,test total loss: 1.7073991241909208,  Spearman is [-0.017753412531092673],
Epoch9,train total loss: 0.006931025013416863,  Spearman:0.9294144137937912
Epoch9,val total loss: 0.0019782674498856068,  Spearman:[0.9999999999999999]
Epoch9,test total loss: 1.8646092074257987,  Spearman is [-0.014879169275821749],
Epoch10,train total loss: 0.006966687465895908,  Spearman:0.9297633961885358
Epoch10,val total loss: 0.0028649563901126385,  Spearman:[0.9999999999999999]
Epoch10,test total loss: 1.979832010609763,  Spearman is [-0.013937869546846978],
Epoch11,train total loss: 0.006715309373980846,  Spearman:0.9309688499185044
Epoch11,val total loss: 0.0018274615285918117,  Spearman:[0.9999999999999999]
Epoch11,test total loss: 1.7995360294977825,  Spearman is [-0.012866812389153128],
Epoch12,train total loss: 0.006609952240176618,  Spearman:0.9320749997772138
Epoch12,val total loss: 0.0028004825580865145,  Spearman:[0.9999999999999999]
Epoch12,test total loss: 1.826602001984914,  Spearman is [-0.014109689016679892],
Epoch13,train total loss: 0.006332471658038303,  Spearman:0.9338901023579569
Epoch13,val total loss: 0.0009685144759714603,  Spearman:[0.9999999999999999]
Epoch13,test total loss: 1.8199348080725897,  Spearman is [-0.01617512797248462],
Epoch14,train total loss: 0.0061628328987394275,  Spearman:0.9344003782288686
Epoch14,val total loss: 0.0034418741706758738,  Spearman:[0.9999999999999999]
Epoch14,test total loss: 1.8694366472108024,  Spearman is [-0.013623719385870389],
Epoch15,train total loss: 0.0059822363884578025,  Spearman:0.935539834177977
Epoch15,val total loss: 0.0009794326033443213,  Spearman:[0.9999999999999999]
Epoch15,test total loss: 1.814755644117083,  Spearman is [-0.01877917646661678],
Epoch16,train total loss: 0.005806555459722163,  Spearman:0.9369954523336549
Epoch16,val total loss: 0.002300453605130315,  Spearman:[0.9999999999999999]
Epoch16,test total loss: 1.9491043062437148,  Spearman is [-0.01860807692659808],
Epoch17,train total loss: 0.0057935744766503,  Spearman:0.9369982684232856
Epoch17,val total loss: 0.0024554217234253883,  Spearman:[0.9999999999999999]
Epoch17,test total loss: 1.9523661306926183,  Spearman is [-0.01690565832805597],
Epoch18,train total loss: 0.005840932811274172,  Spearman:0.9373197917870064
Epoch18,val total loss: 0.002786077558994293,  Spearman:[0.9999999999999999]
Epoch18,test total loss: 1.97208647500901,  Spearman is [-0.016343342124507776],
Epoch19,train total loss: 0.005589560165215795,  Spearman:0.9371590867919555
Epoch19,val total loss: 0.003478824160993099,  Spearman:[0.9999999999999999]
Epoch19,test total loss: 1.9496321082115173,  Spearman is [-0.014275074468094453],
Epoch20,train total loss: 0.0055786495806631475,  Spearman:0.9385790816343337
Epoch20,val total loss: 0.0029663043096661568,  Spearman:[0.9999999999999999]
Epoch20,test total loss: 2.0302808455058505,  Spearman is [-0.01489017229762794],
Epoch21,train total loss: 0.005518862379554171,  Spearman:0.9385374449706373
Epoch21,val total loss: 0.0038133517373353243,  Spearman:[0.9999999999999999]
Epoch21,test total loss: 2.1067721332822527,  Spearman is [-0.01445741511694452],
Epoch22,train total loss: 0.0055245661880440125,  Spearman:0.9386012583398239
Epoch22,val total loss: 0.0033774918410927057,  Spearman:[0.9999999999999999]
Epoch22,test total loss: 2.130413923944746,  Spearman is [-0.015424802381391774],
Epoch23,train total loss: 0.005452042069887153,  Spearman:0.9392480055015993
Epoch23,val total loss: 0.00502573698759079,  Spearman:[0.9999999999999999]
Epoch23,test total loss: 2.0241398130144392,  Spearman is [-0.015521618769556616],
Epoch24,train total loss: 0.005119443175564416,  Spearman:0.9406377014641077
Epoch24,val total loss: 0.015297513455152512,  Spearman:[0.9999999999999999]
Epoch24,test total loss: 2.4093031940006076,  Spearman is [-0.01564188672970096],
Epoch25,train total loss: 0.0053095483011342945,  Spearman:0.9405198619332983
Epoch25,val total loss: 0.0030860186088830233,  Spearman:[0.9999999999999999]
Epoch25,test total loss: 2.0144859296934947,  Spearman is [-0.017735391610782587],
Epoch26,train total loss: 0.005188748561821807,  Spearman:0.9413289110951956
Epoch26,val total loss: 0.02446852996945381,  Spearman:[0.9999999999999999]
Epoch26,test total loss: 2.43600861231486,  Spearman is [-0.015079264414263258],
Epoch27,train total loss: 0.005124565336656885,  Spearman:0.9418089993073014
Epoch27,val total loss: 0.0027586319483816624,  Spearman:[0.9999999999999999]
Epoch27,test total loss: 2.1839078664779663,  Spearman is [-0.01817734915436732],
Epoch28,train total loss: 0.0050457492314529015,  Spearman:0.9415352414915822
Epoch28,val total loss: 0.00398268224671483,  Spearman:[0.9999999999999999]
Epoch28,test total loss: 1.9812721751985096,  Spearman is [-0.012325368481478402],
Epoch29,train total loss: 0.005225223003359982,  Spearman:0.9411242111805056
Epoch29,val total loss: 0.001996048027649522,  Spearman:[0.9999999999999999]
Epoch29,test total loss: 2.021107758794512,  Spearman is [-0.01601527521003598],
Epoch30,train total loss: 0.004982247034432932,  Spearman:0.9423986245535438
Epoch30,val total loss: 0.003350205719470978,  Spearman:[0.9999999999999999]
Epoch30,test total loss: 2.18526748248509,  Spearman is [-0.014535099512015131],
Epoch31,train total loss: 0.005215603869018582,  Spearman:0.9412911001252262
Epoch31,val total loss: 0.003950124140828848,  Spearman:[0.9999999999999999]
Epoch31,test total loss: 2.2172641243253435,  Spearman is [-0.0176573670913903],
Epoch32,train total loss: 0.004715705739732939,  Spearman:0.9439024995587217
Epoch32,val total loss: 0.005418377462774515,  Spearman:[0.9999999999999999]
Epoch32,test total loss: 2.238761762777964,  Spearman is [-0.016058652398526954],
Epoch33,train total loss: 0.004845506209618272,  Spearman:0.9434139706358939
Epoch33,val total loss: 0.006385706830769777,  Spearman:[0.9999999999999999]
Epoch33,test total loss: 2.2971212154343013,  Spearman is [-0.015459316518842468],
Epoch34,train total loss: 0.004860432282947123,  Spearman:0.9435112596216341
Epoch34,val total loss: 0.01760926842689514,  Spearman:[0.9999999999999999]
Epoch34,test total loss: 2.3666910784585133,  Spearman is [-0.01965877764363967],
Epoch35,train total loss: 0.005084284930861892,  Spearman:0.9415334803554205
Epoch35,val total loss: 0.013377529568970203,  Spearman:[0.9999999999999999]
Epoch35,test total loss: 2.388049982842945,  Spearman is [-0.019728304723728773],
Epoch36,train total loss: 0.005102274481195231,  Spearman:0.9418771869008961
Epoch36,val total loss: 0.0019321159925311804,  Spearman:[0.9999999999999999]
Epoch36,test total loss: 2.0905569735027494,  Spearman is [-0.01720834629939211],
Epoch37,train total loss: 0.005000842287362859,  Spearman:0.942901357018699
Epoch37,val total loss: 0.005840028170496225,  Spearman:[0.9999999999999999]
Epoch37,test total loss: 2.284818629423777,  Spearman is [-0.01660188762762917],
Epoch38,train total loss: 0.005056268133865759,  Spearman:0.942043317831993
Epoch38,val total loss: 0.030397780239582062,  Spearman:[0.9999999999999999]
Epoch38,test total loss: 2.7070165815807523,  Spearman is [-0.013985917776022292],
Epoch39,train total loss: 0.004904495713973459,  Spearman:0.9432333305829023
Epoch39,val total loss: 0.006978676654398441,  Spearman:[0.9999999999999999]
Epoch39,test total loss: 2.216403075626918,  Spearman is [-0.01625436560195755],
Epoch40,train total loss: 0.004804815502670674,  Spearman:0.9436925497111265
Epoch40,val total loss: 0.007800407242029905,  Spearman:[0.9999999999999999]
Epoch40,test total loss: 2.4889270805177235,  Spearman is [-0.014507577785652913],
Epoch41,train total loss: 0.004988562734128116,  Spearman:0.9419371141106471
Epoch41,val total loss: 0.005503945518285036,  Spearman:[0.9999999999999999]
Epoch41,test total loss: 2.448169390360514,  Spearman is [-0.01681288375058037],
Epoch42,train total loss: 0.0051159311454897875,  Spearman:0.9418337491499031
Epoch42,val total loss: 0.004798007197678089,  Spearman:[0.9999999999999999]
Epoch42,test total loss: 2.4429931186494374,  Spearman is [-0.0149989043745288],
Epoch43,train total loss: 0.0049023949861014705,  Spearman:0.9438473212633327
Epoch43,val total loss: 0.01603025197982788,  Spearman:[0.9999999999999999]
Epoch43,test total loss: 2.5463593914395286,  Spearman is [-0.016334770991601563],
Epoch44,train total loss: 0.004895476434683314,  Spearman:0.9436306626865195
Epoch44,val total loss: 0.0029071015305817127,  Spearman:[0.9999999999999999]
Epoch44,test total loss: 2.1612708313124522,  Spearman is [-0.01759802673473537],
Epoch45,train total loss: 0.0049960316744999,  Spearman:0.9433874942096692
Epoch45,val total loss: 0.011180805042386055,  Spearman:[0.9999999999999999]
Epoch45,test total loss: 1.981979040872483,  Spearman is [-0.016142317312920353],
Epoch46,train total loss: 0.004959766552545511,  Spearman:0.9435121450528395
Epoch46,val total loss: 0.011899486184120178,  Spearman:[0.9999999999999999]
Epoch46,test total loss: 2.502586739403861,  Spearman is [-0.015749796839491105],
Epoch47,train total loss: 0.00464364270621631,  Spearman:0.9448099434102636
Epoch47,val total loss: 0.004872395657002926,  Spearman:[0.9999999999999999]
Epoch47,test total loss: 2.2454325954119363,  Spearman is [-0.01610086749558554],
Epoch48,train total loss: 0.004816351567035,  Spearman:0.9438071747105335
Epoch48,val total loss: 0.005743030458688736,  Spearman:[0.9999999999999999]
Epoch48,test total loss: 2.496770137832278,  Spearman is [-0.0158076066366985],
Epoch49,train total loss: 0.004829196134409584,  Spearman:0.9436347540065682
Epoch49,val total loss: 0.009105987846851349,  Spearman:[0.9999999999999999]
Epoch49,test total loss: 2.543668060075669,  Spearman is [-0.014918045485789221],
Early stop at epoch 49
ensemble idx 0, best epoch 0, best validation spearman is 0.9999999999999999,best test spearman is [-0.008999791588821892],

ensemble 1 models, fold 4, spearman is -0.008999791588821892, ndcg is 0.8172937416028665
ensemble 5 fold, for test dataset SaCas9-mean-1,spearman is -0.015373534308637932, ndcg is 0.828535755591279
